<?xml version="1.0" encoding="UTF-8"?>
<!-- Generated by org.testng.reporters.JUnitReportReporter -->
<testsuite hostname="LM-AMS-11355539" name="Takeaway.com.Assignment.Case_002" tests="1" failures="0" timestamp="17 Aug 2020 11:25:53 GMT" time="22.685" errors="0">
  <testcase name="caseTwo_CreateOrderAndGetOrderReference" time="22.685" classname="Takeaway.com.Assignment.Case_002"/>
</testsuite> <!-- Takeaway.com.Assignment.Case_002 -->
