<?xml version="1.0" encoding="UTF-8"?>
<!-- Generated by org.testng.reporters.JUnitReportReporter -->
<testsuite skipped="0" hostname="LM-AMS-11355539" name="Takeaway.com.Assignment.TestCase_002" tests="1" failures="0" timestamp="2020-08-16T17:04:15 CEST" time="13.965" errors="0">
  <testcase name="caseTwo" time="13.965" classname="Takeaway.com.Assignment.TestCase_002"/>
  <system-out/>
</testsuite> <!-- Takeaway.com.Assignment.TestCase_002 -->
