<?xml version="1.0" encoding="UTF-8"?>
<!-- Generated by org.testng.reporters.JUnitReportReporter -->
<testsuite skipped="0" hostname="LM-AMS-11355539" name="Takeaway.com.Assignment.AppTest" tests="1" failures="0" timestamp="2020-08-16T16:45:12 CEST" time="0.006" errors="0">
  <testcase name="testApp" time="0.006" classname="Takeaway.com.Assignment.AppTest"/>
  <system-out/>
</testsuite> <!-- Takeaway.com.Assignment.AppTest -->
