<?xml version="1.0" encoding="UTF-8"?>
<!-- Generated by org.testng.reporters.JUnitReportReporter -->
<testsuite hostname="LM-AMS-11355539" name="Takeaway.com.Assignment.TestCase_001" tests="1" failures="0" timestamp="16 Aug 2020 15:50:09 GMT" time="36.757" errors="0">
  <testcase name="caseOne" time="36.757" classname="Takeaway.com.Assignment.TestCase_001"/>
</testsuite> <!-- Takeaway.com.Assignment.TestCase_001 -->
